#
# There is insufficient memory for the Java Runtime Environment to continue.
# Native memory allocation (mmap) failed to map 260046848 bytes for G1 virtual space
# Possible reasons:
#   The system is out of physical RAM or swap space
#   The process is running with CompressedOops enabled, and the Java Heap may be blocking the growth of the native heap
# Possible solutions:
#   Reduce memory load on the system
#   Increase physical memory or swap space
#   Check if swap backing store is full
#   Decrease Java heap size (-Xmx/-Xms)
#   Decrease number of Java threads
#   Decrease Java thread stack sizes (-Xss)
#   Set larger code cache with -XX:ReservedCodeCacheSize=
#   JVM is running with Zero Based Compressed Oops mode in which the Java heap is
#     placed in the first 32GB address space. The Java Heap base address is the
#     maximum limit for the native heap growth. Please use -XX:HeapBaseMinAddress
#     to set the Java Heap base and to place the Java Heap above 32GB virtual address.
# This output file may be truncated or incomplete.
#
#  Out of Memory Error (os_windows.cpp:3548), pid=24776, tid=23044
#
# JRE version:  (17.0.12+8) (build )
# Java VM: Java HotSpot(TM) 64-Bit Server VM (17.0.12+8-LTS-286, mixed mode, emulated-client, sharing, tiered, compressed oops, compressed class ptrs, g1 gc, windows-amd64)
# No core dump will be written. Minidumps are not enabled by default on client versions of Windows
#

---------------  S U M M A R Y ------------

Command Line: -Dcom.sun.management.jmxremote -Dcom.sun.management.jmxremote.port=56453 -Dcom.sun.management.jmxremote.authenticate=false -Dcom.sun.management.jmxremote.ssl=false -Djava.rmi.server.hostname=localhost -Dspring.jmx.enabled=true -Dmanagement.endpoints.jmx.exposure.include=* -Dspring.application.admin.enabled=true -Dspring.output.ansi.enabled=always -XX:TieredStopAtLevel=1 -Dspring.boot.project.name=student-api -Dfile.encoding=UTF-8 -Dstdout.encoding=UTF-8 -Dstderr.encoding=UTF-8 -XX:+ShowCodeDetailsInExceptionMessages com.example.demo.StudentApiApplication

Host: AMD Ryzen 5 5600H with Radeon Graphics         , 12 cores, 15G,  Windows 11 , 64 bit Build 26100 (10.0.26100.8246)
Time: Mon Apr 20 21:45:38 2026 India Standard Time elapsed time: 1.104017 seconds (0d 0h 0m 1s)

---------------  T H R E A D  ---------------

Current thread (0x000001827d7dbf00):  JavaThread "Unknown thread" [_thread_in_vm, id=23044, stack(0x0000003196f00000,0x0000003197000000)]

Stack: [0x0000003196f00000,0x0000003197000000]
Native frames: (J=compiled Java code, j=interpreted, Vv=VM code, C=native code)
V  [jvm.dll+0x67a04a]
V  [jvm.dll+0x7da4ed]
V  [jvm.dll+0x7dbe33]
V  [jvm.dll+0x7dc4a3]
V  [jvm.dll+0x24508f]
V  [jvm.dll+0x677089]
V  [jvm.dll+0x66bd32]
V  [jvm.dll+0x301fa6]
V  [jvm.dll+0x309546]
V  [jvm.dll+0x359d2e]
V  [jvm.dll+0x359f5f]
V  [jvm.dll+0x2d9078]
V  [jvm.dll+0x2d9fe4]
V  [jvm.dll+0x7aca21]
V  [jvm.dll+0x367591]
V  [jvm.dll+0x78b999]
V  [jvm.dll+0x3ec83f]
V  [jvm.dll+0x3ee471]
C  [jli.dll+0x5297]
C  [ucrtbase.dll+0x37b0]
C  [KERNEL32.DLL+0x2e8d7]
C  [ntdll.dll+0x8c3fc]


---------------  P R O C E S S  ---------------

Threads class SMR info:
_java_thread_list=0x00007ffdb5e67a18, length=0, elements={
}

Java Threads: ( => current thread )

Other Threads:
  0x000001827d845100 GCTaskThread "GC Thread#0" [stack: 0x0000003197000000,0x0000003197100000] [id=22764]
  0x000001827d857650 ConcurrentGCThread "G1 Main Marker" [stack: 0x0000003197100000,0x0000003197200000] [id=12508]
  0x000001827d85a030 ConcurrentGCThread "G1 Conc#0" [stack: 0x0000003197200000,0x0000003197300000] [id=14900]

[error occurred during error reporting (printing all threads), id 0xc0000005, EXCEPTION_ACCESS_VIOLATION (0xc0000005) at pc=0x00007ffdb5699b67]

VM state: not at safepoint (not fully initialized)

VM Mutex/Monitor currently owned by a thread:  ([mutex/lock_event])
[0x000001827d7d7f30] Heap_lock - owner thread: 0x000001827d7dbf00

Heap address: 0x0000000709800000, size: 3944 MB, Compressed Oops mode: Zero based, Oop shift amount: 3

CDS archive(s) mapped at: [0x0000000000000000-0x0000000000000000-0x0000000000000000), size 0, SharedBaseAddress: 0x0000000800000000, ArchiveRelocationMode: 1.
Narrow klass base: 0x0000000000000000, Narrow klass shift: 0, Narrow klass range: 0x0

GC Precious Log:
<Empty>

Heap:
 garbage-first heap   total 0K, used 0K [0x0000000709800000, 0x0000000800000000)
  region size 2048K, 0 young (0K), 0 survivors (0K)

[error occurred during error reporting (printing heap information), id 0xc0000005, EXCEPTION_ACCESS_VIOLATION (0xc0000005) at pc=0x00007ffdb5a83859]

GC Heap History (0 events):
No events

Deoptimization events (0 events):
No events

Classes unloaded (0 events):
No events

Classes redefined (0 events):
No events

Internal exceptions (0 events):
No events

VM Operations (0 events):
No events

Events (1 events):
Event: 0.014 Loaded shared library C:\Program Files\Java\jdk-17\bin\java.dll


Dynamic libraries:
0x00007ff6ea670000 - 0x00007ff6ea680000 	C:\Program Files\Java\jdk-17\bin\javaw.exe
0x00007ffe8b280000 - 0x00007ffe8b4e7000 	C:\Windows\SYSTEM32\ntdll.dll
0x00007ffe8a7b0000 - 0x00007ffe8a879000 	C:\Windows\System32\KERNEL32.DLL
0x00007ffe87f30000 - 0x00007ffe88324000 	C:\Windows\System32\KERNELBASE.dll
0x00007ffe88d80000 - 0x00007ffe88ecb000 	C:\Windows\System32\ucrtbase.dll
0x00007ffe82f20000 - 0x00007ffe82f3b000 	C:\Program Files\Java\jdk-17\bin\VCRUNTIME140.dll
0x00007ffe51ea0000 - 0x00007ffe51eb9000 	C:\Program Files\Java\jdk-17\bin\jli.dll
0x00007ffe8a690000 - 0x00007ffe8a746000 	C:\Windows\System32\ADVAPI32.dll
0x00007ffe8a5e0000 - 0x00007ffe8a689000 	C:\Windows\System32\msvcrt.dll
0x00007ffe89010000 - 0x00007ffe890b7000 	C:\Windows\System32\sechost.dll
0x00007ffe8a910000 - 0x00007ffe8aa28000 	C:\Windows\System32\RPCRT4.dll
0x00007ffe8aa30000 - 0x00007ffe8abf5000 	C:\Windows\System32\USER32.dll
0x00007ffe87d90000 - 0x00007ffe87db7000 	C:\Windows\System32\win32u.dll
0x00007ffe72e00000 - 0x00007ffe73093000 	C:\Windows\WinSxS\amd64_microsoft.windows.common-controls_6595b64144ccf1df_6.0.26100.8115_none_3e075c82e3354f9c\COMCTL32.dll
0x00007ffe8a2f0000 - 0x00007ffe8a31b000 	C:\Windows\System32\GDI32.dll
0x00007ffe88330000 - 0x00007ffe8845b000 	C:\Windows\System32\gdi32full.dll
0x00007ffe88ed0000 - 0x00007ffe88f73000 	C:\Windows\System32\msvcp_win.dll
0x00007ffe80030000 - 0x00007ffe8003b000 	C:\Windows\SYSTEM32\VERSION.dll
0x00007ffe8b180000 - 0x00007ffe8b1b2000 	C:\Windows\System32\IMM32.DLL
0x00007ffe55180000 - 0x00007ffe5518c000 	C:\Program Files\Java\jdk-17\bin\vcruntime140_1.dll
0x00007ffe51b30000 - 0x00007ffe51bbe000 	C:\Program Files\Java\jdk-17\bin\msvcp140.dll
0x00007ffdb53b0000 - 0x00007ffdb5f90000 	C:\Program Files\Java\jdk-17\bin\server\jvm.dll
0x00007ffe8b1c0000 - 0x00007ffe8b1c8000 	C:\Windows\System32\PSAPI.DLL
0x00007ffe6b510000 - 0x00007ffe6b51a000 	C:\Windows\SYSTEM32\WSOCK32.dll
0x00007ffe7fff0000 - 0x00007ffe80026000 	C:\Windows\SYSTEM32\WINMM.dll
0x00007ffe8af00000 - 0x00007ffe8af80000 	C:\Windows\System32\WS2_32.dll
0x00007ffe868e0000 - 0x00007ffe868fb000 	C:\Windows\SYSTEM32\kernel.appcore.dll
0x00007ffe52cd0000 - 0x00007ffe52cda000 	C:\Program Files\Java\jdk-17\bin\jimage.dll
0x00007ffe85450000 - 0x00007ffe85692000 	C:\Windows\SYSTEM32\DBGHELP.DLL
0x00007ffe890c0000 - 0x00007ffe89442000 	C:\Windows\System32\combase.dll
0x00007ffe8a360000 - 0x00007ffe8a438000 	C:\Windows\System32\OLEAUT32.dll
0x00007ffe4e2f0000 - 0x00007ffe4e32b000 	C:\Windows\SYSTEM32\dbgcore.DLL
0x00007ffe88cd0000 - 0x00007ffe88d75000 	C:\Windows\System32\bcryptPrimitives.dll
0x00007ffe51dd0000 - 0x00007ffe51df5000 	C:\Program Files\Java\jdk-17\bin\java.dll

dbghelp: loaded successfully - version: 4.0.5 - missing functions: none
symbol engine: initialized successfully - sym options: 0x614 - pdb path: .;C:\Program Files\Java\jdk-17\bin;C:\Windows\SYSTEM32;C:\Windows\WinSxS\amd64_microsoft.windows.common-controls_6595b64144ccf1df_6.0.26100.8115_none_3e075c82e3354f9c;C:\Program Files\Java\jdk-17\bin\server

VM Arguments:
jvm_args: -Dcom.sun.management.jmxremote -Dcom.sun.management.jmxremote.port=56453 -Dcom.sun.management.jmxremote.authenticate=false -Dcom.sun.management.jmxremote.ssl=false -Djava.rmi.server.hostname=localhost -Dspring.jmx.enabled=true -Dmanagement.endpoints.jmx.exposure.include=* -Dspring.application.admin.enabled=true -Dspring.output.ansi.enabled=always -XX:TieredStopAtLevel=1 -Dspring.boot.project.name=student-api -Dfile.encoding=UTF-8 -Dstdout.encoding=UTF-8 -Dstderr.encoding=UTF-8 -XX:+ShowCodeDetailsInExceptionMessages 
java_command: com.example.demo.StudentApiApplication
java_class_path (initial): C:\Project\student -api\student-api\target\classes;C:\Users\gurup\.m2\repository\org\springframework\boot\spring-boot-starter-web\3.2.5\spring-boot-starter-web-3.2.5.jar;C:\Users\gurup\.m2\repository\org\springframework\boot\spring-boot-starter\3.2.5\spring-boot-starter-3.2.5.jar;C:\Users\gurup\.m2\repository\org\springframework\boot\spring-boot\3.2.5\spring-boot-3.2.5.jar;C:\Users\gurup\.m2\repository\org\springframework\boot\spring-boot-autoconfigure\3.2.5\spring-boot-autoconfigure-3.2.5.jar;C:\Users\gurup\.m2\repository\org\springframework\boot\spring-boot-starter-logging\3.2.5\spring-boot-starter-logging-3.2.5.jar;C:\Users\gurup\.m2\repository\ch\qos\logback\logback-classic\1.4.14\logback-classic-1.4.14.jar;C:\Users\gurup\.m2\repository\ch\qos\logback\logback-core\1.4.14\logback-core-1.4.14.jar;C:\Users\gurup\.m2\repository\org\apache\logging\log4j\log4j-to-slf4j\2.21.1\log4j-to-slf4j-2.21.1.jar;C:\Users\gurup\.m2\repository\org\apache\logging\log4j\log4j-api\2.21.1\log4j-api-2.21.1.jar;C:\Users\gurup\.m2\repository\org\slf4j\jul-to-slf4j\2.0.13\jul-to-slf4j-2.0.13.jar;C:\Users\gurup\.m2\repository\jakarta\annotation\jakarta.annotation-api\2.1.1\jakarta.annotation-api-2.1.1.jar;C:\Users\gurup\.m2\repository\org\springframework\spring-core\6.1.6\spring-core-6.1.6.jar;C:\Users\gurup\.m2\repository\org\springframework\spring-jcl\6.1.6\spring-jcl-6.1.6.jar;C:\Users\gurup\.m2\repository\org\yaml\snakeyaml\2.2\snakeyaml-2.2.jar;C:\Users\gurup\.m2\repository\org\springframework\boot\spring-boot-starter-json\3.2.5\spring-boot-starter-json-3.2.5.jar;C:\Users\gurup\.m2\repository\com\fasterxml\jackson\core\jackson-databind\2.15.4\jackson-databind-2.15.4.jar;C:\Users\gurup\.m2\repository\com\fasterxml\jackson\core\jackson-annotations\2.15.4\jackson-annotations-2.15.4.jar;C:\Users\gurup\.m2\repository\com\fasterxml\jackson\core\jackson-core\2.15.4\jackson-core-2.15.4.jar;C:\Users\gurup\.m2\repository\com\fasterxml\jackson\datatype\jackson-dataty
Launcher Type: SUN_STANDARD

[Global flags]
     intx CICompilerCount                          = 4                                         {product} {ergonomic}
     uint ConcGCThreads                            = 3                                         {product} {ergonomic}
     uint G1ConcRefinementThreads                  = 10                                        {product} {ergonomic}
   size_t G1HeapRegionSize                         = 2097152                                   {product} {ergonomic}
    uintx GCDrainStackTargetSize                   = 64                                        {product} {ergonomic}
   size_t InitialHeapSize                          = 260046848                                 {product} {ergonomic}
     bool ManagementServer                         = true                                      {product} {command line}
   size_t MarkStackSize                            = 4194304                                   {product} {ergonomic}
   size_t MaxHeapSize                              = 4135583744                                {product} {ergonomic}
   size_t MinHeapDeltaBytes                        = 2097152                                   {product} {ergonomic}
   size_t MinHeapSize                              = 8388608                                   {product} {ergonomic}
    uintx NonProfiledCodeHeapSize                  = 0                                      {pd product} {ergonomic}
     bool ProfileInterpreter                       = false                                  {pd product} {command line}
    uintx ProfiledCodeHeapSize                     = 0                                      {pd product} {ergonomic}
     bool ShowCodeDetailsInExceptionMessages       = true                                   {manageable} {command line}
   size_t SoftMaxHeapSize                          = 4135583744                             {manageable} {ergonomic}
     intx TieredStopAtLevel                        = 1                                         {product} {command line}
     bool UseCompressedClassPointers               = true                           {product lp64_product} {ergonomic}
     bool UseCompressedOops                        = true                           {product lp64_product} {ergonomic}
     bool UseG1GC                                  = true                                      {product} {ergonomic}
     bool UseLargePagesIndividualAllocation        = false                                  {pd product} {ergonomic}

Logging:
Log output configuration:
 #0: stdout all=warning uptime,level,tags
 #1: stderr all=off uptime,level,tags

Environment Variables:
PATH=C:/Users/gurup/.p2/pool/plugins/org.eclipse.justj.openjdk.hotspot.jre.full.win32.x86_64_21.0.9.v20251105-0741/jre/bin/server;C:/Users/gurup/.p2/pool/plugins/org.eclipse.justj.openjdk.hotspot.jre.full.win32.x86_64_21.0.9.v20251105-0741/jre/bin;C:\app\gurup\product\21c\dbhomeXE\bin;C:\Program Files\Java\jdk-17\bin;C:\Program Files\nodejs\;C:\Users\gurup\Downloads\apache-maven-3.9.12-bin\apache-maven-3.9.12\bin;C:\Program Files\Git\cmd;C:\Users\gurup\AppData\Local\Programs\Python\Python311\Scripts\;C:\Users\gurup\AppData\Local\Programs\Python\Python311\;C:\Users\gurup\AppData\Local\Programs\Python\Python312\Scripts\;C:\Users\gurup\AppData\Local\Programs\Python\Python312\;C:\Users\gurup\AppData\Local\Microsoft\WindowsApps;C:\Program Files\JetBrains\PyCharm Community Edition 2023.1.1\bin;;C:\Users\gurup\AppData\Local\Programs\Microsoft VS Code\bin;C:\MinGW\bin;C:\Users\gurup\AppData\Roaming\npm;C:\OneDrive_NewAccount\OneDrive\Desktop;
USERNAME=gurup
OS=Windows_NT
PROCESSOR_IDENTIFIER=AMD64 Family 25 Model 80 Stepping 0, AuthenticAMD



---------------  S Y S T E M  ---------------

OS:
 Windows 11 , 64 bit Build 26100 (10.0.26100.8246)
OS uptime: 0 days 4:09 hours
Hyper-V role detected

CPU: total 12 (initial active 12) (12 cores per cpu, 2 threads per core) family 25 model 80 stepping 0 microcode 0xa50000c, cx8, cmov, fxsr, ht, mmx, 3dnowpref, sse, sse2, sse3, ssse3, sse4a, sse4.1, sse4.2, popcnt, lzcnt, tsc, tscinvbit, avx, avx2, aes, erms, clmul, bmi1, bmi2, adx, sha, fma, vzeroupper, clflush, clflushopt, hv

Memory: 4k page, system-wide physical 15775M (5478M free)
TotalPageFile size 15775M (AvailPageFile size 247M)
current process WorkingSet (physical memory assigned to process): 12M, peak: 12M
current process commit charge ("private bytes"): 59M, peak: 307M

vm_info: Java HotSpot(TM) 64-Bit Server VM (17.0.12+8-LTS-286) for windows-amd64 JRE (17.0.12+8-LTS-286), built on Jun  5 2024 06:46:59 by "mach5one" with MS VC++ 17.6 (VS2022)

END.
